<?xml version="1.0" encoding="UTF-8"?>
<!-- Generated by org.testng.reporters.JUnitXMLReporter -->
<testsuite hostname="ind597" name="SuiteTwoCaseOne" tests="2" failures="2" timestamp="27 Aug 2015 06:51:47 GMT" time="10.089" errors="0">
  <testcase name="SuiteTwoCaseOneTest" time="7.653" classname="com.stta.SuiteTwo.SuiteTwoCaseOne">
    <failure type="java.lang.NullPointerException">
      <![CDATA[java.lang.NullPointerException
	at com.stta.SuiteTwo.SuiteTwoCaseOne.SuiteTwoCaseOneTest(SuiteTwoCaseOne.java:86)
... Removed 24 stack frames]]>
    </failure>
  </testcase> <!-- SuiteTwoCaseOneTest -->
  <testcase name="SuiteTwoCaseOneTest" time="2.186" classname="com.stta.SuiteTwo.SuiteTwoCaseOne">
    <failure type="java.lang.NullPointerException">
      <![CDATA[java.lang.NullPointerException
	at com.stta.SuiteTwo.SuiteTwoCaseOne.SuiteTwoCaseOneTest(SuiteTwoCaseOne.java:86)
... Removed 24 stack frames]]>
    </failure>
  </testcase> <!-- SuiteTwoCaseOneTest -->
</testsuite> <!-- SuiteTwoCaseOne -->
