<?xml version="1.0" encoding="UTF-8"?>
<!-- Generated by org.testng.reporters.JUnitXMLReporter -->
<testsuite hostname="Unicode" name="Default test" tests="3" failures="0" timestamp="3 May 2015 06:49:44 GMT" time="31.489" errors="0">
  <testcase name="testSignInCompucrack" time="12.47" classname="unicodetechnologies.UserSide.SignInCompucrack"/>
  <testcase name="testSignInCompucrack" time="9.547" classname="unicodetechnologies.UserSide.SignInCompucrack"/>
  <testcase name="testSignInCompucrack" time="9.454" classname="unicodetechnologies.UserSide.SignInCompucrack"/>
</testsuite> <!-- Default test -->
