<?xml version="1.0" encoding="UTF-8"?>
<testng-results skipped="0" failed="0" total="3" passed="3">
  <reporter-output>
  </reporter-output>
  <suite name="Default suite" duration-ms="31489" started-at="2015-05-03T06:49:12Z" finished-at="2015-05-03T06:49:44Z">
    <groups>
    </groups>
    <test name="Default test" duration-ms="31489" started-at="2015-05-03T06:49:12Z" finished-at="2015-05-03T06:49:44Z">
      <class name="unicodetechnologies.UserSide.SignInCompucrack">
        <test-method status="PASS" signature="testCheckTestSuite()[pri:0, instance:unicodetechnologies.UserSide.SignInCompucrack@34780c0e]" name="testCheckTestSuite" is-config="true" duration-ms="16366" started-at="2015-05-03T12:18:56Z" finished-at="2015-05-03T12:19:12Z">
          <reporter-output>
          </reporter-output>
        </test-method> <!-- testCheckTestSuite -->
        <test-method status="PASS" signature="testCheckTestCase()[pri:0, instance:unicodetechnologies.UserSide.SignInCompucrack@34780c0e]" name="testCheckTestCase" is-config="true" duration-ms="0" started-at="2015-05-03T12:19:12Z" finished-at="2015-05-03T12:19:12Z">
          <reporter-output>
          </reporter-output>
        </test-method> <!-- testCheckTestCase -->
        <test-method status="PASS" signature="testSignInCompucrack(java.lang.String, java.lang.String)[pri:0, instance:unicodetechnologies.UserSide.SignInCompucrack@34780c0e]" name="testSignInCompucrack" duration-ms="12470" started-at="2015-05-03T12:19:12Z" data-provider="getTestData" finished-at="2015-05-03T12:19:25Z">
          <params>
            <param index="0">
              <value>
                <![CDATA[info@unicodetechnologies.in]]>
              </value>
            </param>
            <param index="1">
              <value>
                <![CDATA[unicode]]>
              </value>
            </param>
          </params>
          <reporter-output>
          </reporter-output>
        </test-method> <!-- testSignInCompucrack -->
        <test-method status="PASS" signature="testSignInCompucrack(java.lang.String, java.lang.String)[pri:0, instance:unicodetechnologies.UserSide.SignInCompucrack@34780c0e]" name="testSignInCompucrack" duration-ms="9547" started-at="2015-05-03T12:19:25Z" data-provider="getTestData" finished-at="2015-05-03T12:19:34Z">
          <params>
            <param index="0">
              <value>
                <![CDATA[info1@unicodetechnologies.in]]>
              </value>
            </param>
            <param index="1">
              <value>
                <![CDATA[unicode1]]>
              </value>
            </param>
          </params>
          <reporter-output>
          </reporter-output>
        </test-method> <!-- testSignInCompucrack -->
        <test-method status="PASS" signature="testSignInCompucrack(java.lang.String, java.lang.String)[pri:0, instance:unicodetechnologies.UserSide.SignInCompucrack@34780c0e]" name="testSignInCompucrack" duration-ms="9454" started-at="2015-05-03T12:19:34Z" data-provider="getTestData" finished-at="2015-05-03T12:19:44Z">
          <params>
            <param index="0">
              <value>
                <![CDATA[info2@unicodetechnologies.in]]>
              </value>
            </param>
            <param index="1">
              <value>
                <![CDATA[unicode2]]>
              </value>
            </param>
          </params>
          <reporter-output>
          </reporter-output>
        </test-method> <!-- testSignInCompucrack -->
      </class> <!-- unicodetechnologies.UserSide.SignInCompucrack -->
    </test> <!-- Default test -->
  </suite> <!-- Default suite -->
</testng-results>
